Build started 8/11/2013 8:51:03 PM.
     1>Project "C:\Users\User\Desktop\School\C++\Cpp7\SteveBowder-Cpp7-Solution\SteveBowder-Cpp7-Project\SteveBowder-Cpp7-Project.vcxproj" on node 2 (build target(s)).
     1>InitializeBuildStatus:
         Creating "Debug\SteveBowder-Cpp7-Project.unsuccessfulbuild" because "AlwaysCreate" was specified.
       ClCompile:
         c:\Program Files (x86)\Microsoft Visual Studio 10.0\VC\bin\CL.exe /c /ZI /nologo /W3 /WX- /Od /Oy- /D WIN32 /D _DEBUG /D _CONSOLE /D _UNICODE /D UNICODE /Gm /EHsc /RTC1 /MDd /GS /fp:precise /Zc:wchar_t /Zc:forScope /Fo"Debug\\" /Fd"Debug\vc100.pdb" /Gd /TP /analyze- /errorReport:prompt "SteveBowder-Cpp7.cpp"
         SteveBowder-Cpp7.cpp
     1>c:\users\user\desktop\school\c++\cpp7\stevebowder-cpp7-solution\stevebowder-cpp7-project\stevebowder-cpp7.cpp(58): warning C4101: 'j' : unreferenced local variable
       ManifestResourceCompile:
         All outputs are up-to-date.
       Link:
         c:\Program Files (x86)\Microsoft Visual Studio 10.0\VC\bin\link.exe /ERRORREPORT:PROMPT /OUT:"C:\Users\User\Desktop\School\C++\Cpp7\SteveBowder-Cpp7-Solution\Debug\SteveBowder-Cpp7-Project.exe" /INCREMENTAL /NOLOGO kernel32.lib user32.lib gdi32.lib winspool.lib comdlg32.lib advapi32.lib shell32.lib ole32.lib oleaut32.lib uuid.lib odbc32.lib odbccp32.lib /MANIFEST /ManifestFile:"Debug\SteveBowder-Cpp7-Project.exe.intermediate.manifest" /MANIFESTUAC:"level='asInvoker' uiAccess='false'" /DEBUG /PDB:"C:\Users\User\Desktop\School\C++\Cpp7\SteveBowder-Cpp7-Solution\Debug\SteveBowder-Cpp7-Project.pdb" /SUBSYSTEM:CONSOLE /TLBID:1 /DYNAMICBASE /NXCOMPAT /IMPLIB:"C:\Users\User\Desktop\School\C++\Cpp7\SteveBowder-Cpp7-Solution\Debug\SteveBowder-Cpp7-Project.lib" /MACHINE:X86 "Debug\SteveBowder-Cpp7-Project.exe.embed.manifest.res"
         "Debug\SteveBowder-Cpp7.obj"
       Manifest:
         C:\Program Files (x86)\Microsoft SDKs\Windows\v7.0A\bin\mt.exe /nologo /verbose /out:"Debug\SteveBowder-Cpp7-Project.exe.embed.manifest" /manifest "Debug\SteveBowder-Cpp7-Project.exe.intermediate.manifest"
         All outputs are up-to-date.
       LinkEmbedManifest:
         All outputs are up-to-date.
         SteveBowder-Cpp7-Project.vcxproj -> C:\Users\User\Desktop\School\C++\Cpp7\SteveBowder-Cpp7-Solution\Debug\SteveBowder-Cpp7-Project.exe
       FinalizeBuildStatus:
         Deleting file "Debug\SteveBowder-Cpp7-Project.unsuccessfulbuild".
         Touching "Debug\SteveBowder-Cpp7-Project.lastbuildstate".
     1>Done Building Project "C:\Users\User\Desktop\School\C++\Cpp7\SteveBowder-Cpp7-Solution\SteveBowder-Cpp7-Project\SteveBowder-Cpp7-Project.vcxproj" (build target(s)).

Build succeeded.

Time Elapsed 00:00:02.41
